<?xml version="1.0" encoding="UTF-8"?>
<!-- Generated by org.testng.reporters.JUnitXMLReporter -->
<testsuite ignored="0" hostname="LAPTOP-4CM22U13" failures="0" tests="4" name="Default test" time="8.913" errors="0" timestamp="18 May 2022 05:05:00 GMT">
  <testcase classname="IBM_FST.PetStore.UserApiNegativeTest" name="postUsers" time="3.022"/>
  <testcase classname="IBM_FST.PetStore.UserApiNegativeTest" name="getUsers" time="1.605"/>
  <testcase classname="IBM_FST.PetStore.UserApiNegativeTest" name="putUsers" time="1.532"/>
  <testcase classname="IBM_FST.PetStore.UserApiNegativeTest" name="deleteUsers" time="1.7"/>
</testsuite> <!-- Default test -->
