<?xml version="1.0" encoding="UTF-8"?>
<!-- Generated by org.testng.reporters.JUnitXMLReporter -->
<testsuite ignored="2" hostname="LAPTOP-4CM22U13" failures="0" tests="12" name="Test" time="26.919" errors="0" timestamp="18 May 2022 05:23:09 GMT">
  <testcase classname="IBM_FST.PetStore.UserApiJsonFileTest" name="postUsers" time="3.385"/>
  <testcase classname="IBM_FST.PetStore.UserApiJsonFileTest" name="getUsers" time="2.429"/>
  <testcase classname="IBM_FST.PetStore.UserApiJsonFileTest" name="putUsers" time="2.184"/>
  <testcase classname="IBM_FST.PetStore.UserApiJsonFileTest" name="deleteUsers" time="1.971"/>
  <testcase classname="IBM_FST.PetStore.UserAPIJsonStringTest" name="postUsers" time="1.954"/>
  <testcase classname="IBM_FST.PetStore.UserAPIJsonStringTest" name="getUsers" time="1.729"/>
  <testcase classname="IBM_FST.PetStore.UserAPIJsonStringTest" name="putUsers" time="1.687"/>
  <testcase classname="IBM_FST.PetStore.UserAPIJsonStringTest" name="deleteUsers" time="1.782"/>
  <testcase classname="IBM_FST.PetStore.UserApiNegativeTest" name="postUsers" time="1.85"/>
  <testcase classname="IBM_FST.PetStore.UserApiNegativeTest" name="getUsers" time="2.409"/>
  <testcase classname="IBM_FST.PetStore.UserApiNegativeTest" name="putUsers" time="2.222"/>
  <testcase classname="IBM_FST.PetStore.UserApiNegativeTest" name="deleteUsers" time="1.921"/>
  <testcase classname="IBM_FST.Restassured_Project.BaseTest" name="@BeforeSuite setupSuite" time="0.0">
    <ignored/>
  </testcase> <!-- @BeforeSuite setupSuite -->
  <testcase classname="IBM_FST.Restassured_Project.BaseTest" name="@BeforeSuite setupSuite" time="0.0">
    <ignored/>
  </testcase> <!-- @BeforeSuite setupSuite -->
</testsuite> <!-- Test -->
